C51 COMPILER V9.60.0.0   MAIN                                                              04/08/2026 15:27:45 PAGE 1   


C51 COMPILER V9.60.0.0, COMPILATION OF MODULE MAIN
OBJECT MODULE PLACED IN .\Objects\main.obj
COMPILER INVOKED BY: D:\Keil_v5\C51\BIN\C51.EXE main.c OPTIMIZE(8,SPEED) BROWSE DEBUG OBJECTEXTEND PRINT(.\Listings\main
                    -.lst) TABS(2) OBJECT(.\Objects\main.obj)

line level    source

   1          #include <STC15F2K60S2.H>
   2          #include "init.h"
   3          #include "key.h"
   4          #include "led.h"
   5          #include "seg.h"
   6          #include "iic.h"
   7          #include "onewire.h"
   8          #include "ds1302.h"
   9          #include "uart.h"
  10          #include "ultrawave.h"
  11          
  12          unsigned char KD,KU,KV,KO;
  13          unsigned char KeySlow;
  14          idata unsigned int SegSlow;
  15          
  16          idata unsigned char Seg_Buf[8]={16,16,16,16,16,16,16,16};
  17          idata unsigned char Seg_Pos;
  18          idata unsigned char ucLed[8]={0,0,0,0,0,0,0,0};
  19          idata unsigned char ucRtc[3]={13,03,05}; //初始时间 13:03:05
  20          
  21          idata unsigned char Max_Time[3];
  22          
  23          idata unsigned char Seg_Disp_Mode; //0-频率界面 1-参数界面 2-时间界面 3-回显界面
  24          unsigned int Timer_1s; //NE555 1s计时器
  25          long int Freq; //NE555频率
  26          
  27          unsigned char Set_Mode; //参数界面 0-超限参数界面 1-校准值参数界面
  28          unsigned char Re_Disp_Mode; //回显界面显示模式 0-回显频率 1-回显时间 
  29          unsigned int CX_Num = 2000; //超限参数
  30          int JZ_Num = 0; //校准值参数
  31          int ZZ_Freq; //最终频率（Freq + Max_Freq）
  32          unsigned int Max_Freq; //最大频率值（频率回显界面）
  33          unsigned int dat;
  34          
  35          unsigned int LED_Blink_200ms; //LED闪烁计数器
  36          bit Led_Flag; //LED状态标志 0-灭 1-亮
  37          
  38          void Key_Proc(){
  39   1          if(KeySlow<10) return;
  40   1          KeySlow=0;
  41   1      
  42   1          KV=Key_Read();
  43   1          KD=KV&(KO^KV);
  44   1          KU=~KV&(KO^KV);
  45   1          KO=KV;
  46   1      
  47   1          /* 在这里写按键逻辑 */
  48   1          switch(KD)
  49   1          {
  50   2              case 4:
  51   2                  Seg_Disp_Mode = (Seg_Disp_Mode + 1) % 4;
  52   2              break;
  53   2              case 5:
  54   2                  if(Seg_Disp_Mode == 1)
C51 COMPILER V9.60.0.0   MAIN                                                              04/08/2026 15:27:45 PAGE 2   

  55   2                  {
  56   3                      Set_Mode ^= 1;
  57   3                  }
  58   2                  else if(Seg_Disp_Mode == 3)
  59   2                  {
  60   3                      Re_Disp_Mode ^= 1;
  61   3                  }
  62   2              break;
  63   2              case 8:
  64   2                  if(Seg_Disp_Mode == 1)
  65   2                  {
  66   3                      if(Set_Mode == 0)
  67   3                      {
  68   4                          CX_Num += 1000;
  69   4                          if(CX_Num >= 9000)
  70   4                          {
  71   5                              CX_Num = 9000;
  72   5                          }
  73   4                      }
  74   3                      else if(Set_Mode == 1)
  75   3                          {
  76   4                              JZ_Num += 100;
  77   4                              if(JZ_Num >= 900)
  78   4                              {
  79   5                                  JZ_Num = 900;
  80   5                              }
  81   4                          }
  82   3                  }
  83   2              break;
  84   2              case 9:
  85   2                  if(Seg_Disp_Mode == 1)
  86   2                  {
  87   3                     CX_Num -= 1000;
  88   3                      if(CX_Num <= 1000)
  89   3                      {
  90   4                          CX_Num = 1000;
  91   4                      }
  92   3                  }
  93   2                  else if(Set_Mode == 1)
  94   2                      {
  95   3                          JZ_Num -= 100;
  96   3                          if(JZ_Num <= -900)
  97   3                          {
  98   4                              JZ_Num = -900;
  99   4                          }
 100   3                      }
 101   2              break;
 102   2          }
 103   1      }
 104          
 105          void Seg_Proc(){
 106   1          unsigned char i = 3;
 107   1          if(SegSlow<80) return;
 108   1          SegSlow=0;
 109   1      
 110   1          Read_Rtc(ucRtc);
 111   1          ZZ_Freq = Freq + JZ_Num;
 112   1      
 113   1          /* 在这里写数码管缓冲区赋值逻辑 */
 114   1          /*
 115   1          Seg_Buf[0]=16;
 116   1          Seg_Buf[1]=16;
C51 COMPILER V9.60.0.0   MAIN                                                              04/08/2026 15:27:45 PAGE 3   

 117   1          Seg_Buf[2]=16;
 118   1          Seg_Buf[3]=16;
 119   1          Seg_Buf[4]=16;
 120   1          Seg_Buf[5]=16;
 121   1          Seg_Buf[6]=16;
 122   1          Seg_Buf[7]=16;
 123   1          */
 124   1         switch(Seg_Disp_Mode)
 125   1          {
 126   2              case 0: //频率界面
 127   2                  Seg_Buf[0] = 15; //F
 128   2                  Seg_Buf[1] = 16;
 129   2                  Seg_Buf[2] = 16;
 130   2                  if(ZZ_Freq >= 0)
 131   2                  {
 132   3                      Seg_Buf[3] = ZZ_Freq / 10000 % 10;
 133   3                      Seg_Buf[4] = ZZ_Freq / 1000 % 10;
 134   3                      Seg_Buf[5] = ZZ_Freq / 100 % 10;
 135   3                      Seg_Buf[6] = ZZ_Freq / 10 % 10;
 136   3                      Seg_Buf[7] = ZZ_Freq % 10;
 137   3                      while(Seg_Buf[i] == 0)
 138   3                      {
 139   4                          Seg_Buf[i] = 16;
 140   4                          if(i++ == 7) break;
 141   4                      }
 142   3                  }
 143   2                  else
 144   2                  {
 145   3                      Seg_Buf[6] = 20; //L
 146   3                      Seg_Buf[7] = 20; //L
 147   3                      while(Seg_Buf[i] == 0)
 148   3                      {
 149   4                          Seg_Buf[i] = 16;
 150   4                          if(i++ == 5) break;
 151   4                      }
 152   3                  }
 153   2                  break;
 154   2              case 1: //参数界面
 155   2                  Seg_Buf[0] = 17; //P
 156   2                  if(Set_Mode == 0)
 157   2                  {
 158   3                      Seg_Buf[1] = 1; //超限参数界面
 159   3                      Seg_Buf[2] = 16;
 160   3                      Seg_Buf[3] = 16;
 161   3                      Seg_Buf[4] = CX_Num / 1000 % 10;
 162   3                      Seg_Buf[5] = CX_Num / 100 % 10;
 163   3                      Seg_Buf[6] = CX_Num / 10 % 10;
 164   3                      Seg_Buf[7] = CX_Num % 10;
 165   3                      if(Seg_Buf[4] == 0)
 166   3                      {
 167   4                          Seg_Buf[4] = 16;
 168   4                          if(Seg_Buf[5] == 0)
 169   4                          {
 170   5                              Seg_Buf[5] = 16;
 171   5                              if(Seg_Buf[6] == 0)
 172   5                              {
 173   6                                  Seg_Buf[6] = 16;
 174   6                              }
 175   5                          }
 176   4                      }
 177   3                  }
 178   2                  else if(Set_Mode == 1) //校准值参数界面
C51 COMPILER V9.60.0.0   MAIN                                                              04/08/2026 15:27:45 PAGE 4   

 179   2                  {
 180   3                      unsigned int Temp_JZ_Num;
 181   3                      Seg_Buf[1] = 2;
 182   3                      Seg_Buf[2] = 16;
 183   3                      Seg_Buf[3] = 16;
 184   3                      Seg_Buf[4] = 16;
 185   3                      if(JZ_Num >= 0)
 186   3                      {
 187   4                          Temp_JZ_Num = JZ_Num;
 188   4                      }
 189   3                      else
 190   3                      {
 191   4                          Temp_JZ_Num = -JZ_Num;
 192   4                      }
 193   3                      Seg_Buf[5] = Temp_JZ_Num / 100 % 10;
 194   3                      Seg_Buf[6] = Temp_JZ_Num / 10 % 10;
 195   3                      Seg_Buf[7] = Temp_JZ_Num % 10;
 196   3                      if(Seg_Buf[5] == 0)
 197   3                      {
 198   4                          Seg_Buf[5] = 16;
 199   4                          if(Seg_Buf[6] == 0)
 200   4                          {
 201   5                              Seg_Buf[6] = 16;
 202   5                          }
 203   4                      }
 204   3                      if(JZ_Num < 0)
 205   3                      {
 206   4                          if(Seg_Buf[5] != 16)
 207   4                          {
 208   5                              Seg_Buf[4] = 18;
 209   5                          }
 210   4                          else if(Seg_Buf[6] != 16)
 211   4                          {
 212   5                              Seg_Buf[5] = 18;
 213   5                          }
 214   4                          else
 215   4                          {
 216   5                              Seg_Buf[6] = 18;
 217   5                          }
 218   4                      }
 219   3                  }
 220   2              break;
 221   2              case 2: //时间界面
 222   2                  Seg_Buf[0] = ucRtc[0] / 10 % 10;
 223   2                  Seg_Buf[1] = ucRtc[0] % 10;
 224   2                  Seg_Buf[2] = 18;
 225   2                  Seg_Buf[3] = ucRtc[1] / 10 % 10;
 226   2                  Seg_Buf[4] = ucRtc[1] % 10;
 227   2                  Seg_Buf[5] = 18;
 228   2                  Seg_Buf[6] = ucRtc[2] / 10 % 10;
 229   2                  Seg_Buf[7] = ucRtc[2] % 10;
 230   2              break;
 231   2              case 3: //回显界面
 232   2                  Seg_Buf[0] = 19; //H
 233   2                  if(Re_Disp_Mode == 0) //回显频率
 234   2                  {
 235   3                      Seg_Buf[1] = 15; //F
 236   3                      Seg_Buf[2] = 16;
 237   3                      Seg_Buf[3] = Max_Freq / 10000 % 10;
 238   3                      Seg_Buf[4] = Max_Freq / 1000 % 10;
 239   3                      Seg_Buf[5] = Max_Freq / 100 % 10;
 240   3                      Seg_Buf[6] = Max_Freq / 10 % 10;
C51 COMPILER V9.60.0.0   MAIN                                                              04/08/2026 15:27:45 PAGE 5   

 241   3                      Seg_Buf[7] = Max_Freq % 10;
 242   3                  }
 243   2                  else if(Re_Disp_Mode ==1) //回显时间
 244   2                  {
 245   3                      Seg_Buf[1] = 10; //A
 246   3                      Seg_Buf[2] = Max_Time[0] / 10 % 10;
 247   3                      Seg_Buf[3] = Max_Time[0] % 10;
 248   3                      Seg_Buf[4] = Max_Time[1] / 10 % 10;
 249   3                      Seg_Buf[5] = Max_Time[1] % 10;
 250   3                      Seg_Buf[6] = Max_Time[2] / 10 % 10;
 251   3                      Seg_Buf[7] = Max_Time[2] % 10;
 252   3                  }
 253   2          }
 254   1      }
 255          
 256          void Led_Proc(){
 257   1          /* 在这里写 LED / 蜂鸣器 / 继电器逻辑 */
 258   1          
 259   1          if(Seg_Disp_Mode == 0)
 260   1          {
 261   2              ucLed[0] = Led_Flag;
 262   2          }
 263   1          else
 264   1          {
 265   2              ucLed[0] = 0;
 266   2          }
 267   1      
 268   1          if(ZZ_Freq < 0)
 269   1          {
 270   2              ucLed[1] = 1;
 271   2          }
 272   1          else if(Freq > CX_Num)
 273   1          {
 274   2              ucLed[1] = Led_Flag;
 275   2          }
 276   1          else
 277   1          {
 278   2              ucLed[1] = 0;
 279   2          }
 280   1      
 281   1          //Da输出
 282   1          if(Freq <= 500)
 283   1          {
 284   2              dat = 51;
 285   2          }
 286   1          else if(Freq >= CX_Num)
 287   1          {
 288   2              dat = 255;
 289   2          }
 290   1          else
 291   1          {
 292   2              dat = 51+(204.0*(Freq - 500))/(CX_Num - 500);
 293   2          }
 294   1          Da_Write(dat);
 295   1      }
 296          
 297          void Timer1Init(void)   //1毫秒@12.000MHz
 298          {
 299   1          AUXR &= 0xBF;
 300   1          TMOD &= 0x0F;
 301   1          TL1 = 0x18;
 302   1          TH1 = 0xFC;
C51 COMPILER V9.60.0.0   MAIN                                                              04/08/2026 15:27:45 PAGE 6   

 303   1          TF1 = 0;
 304   1          TR1 = 1;
 305   1          ET1 = 1;
 306   1          EA = 1;
 307   1      }
 308          
 309          void Timer0_Init(void)    //1毫秒@12.000MHz
 310          {
 311   1        AUXR &= 0x7F;     //定时器时钟12T模式
 312   1        TMOD &= 0xF0;     //设置定时器模式
 313   1          TMOD |= 0x05;
 314   1        TL0 = 0;        //设置定时初始值
 315   1        TH0 = 0;        //设置定时初始值
 316   1        TF0 = 0;        //清除TF0标志
 317   1        TR0 = 1;        //定时器0开始计时
 318   1          EA = 1;                //打开总中断
 319   1      }
 320          
 321          void Timer1Isr() interrupt 3
 322          {
 323   1          KeySlow++;
 324   1          SegSlow++;
 325   1      
 326   1          if(++Seg_Pos==8) Seg_Pos=0;
 327   1      
 328   1          if(Seg_Buf[Seg_Pos]>20) Seg_Disp(Seg_Pos,Seg_Buf[Seg_Pos]-',',1);
 329   1          else Seg_Disp(Seg_Pos,Seg_Buf[Seg_Pos],0);
 330   1      
 331   1          Led_Disp(ucLed);
 332   1      
 333   1          if(++Timer_1s == 1000)
 334   1          {
 335   2              Timer_1s = 0;
 336   2              Freq = TH0 << 8 | TL0;
 337   2              TH0 = 0;
 338   2              TL0 = 0;
 339   2          }
 340   1          if(LED_Blink_200ms++ == 200)
 341   1          {
 342   2              LED_Blink_200ms = 0;
 343   2              Led_Flag = ~Led_Flag;
 344   2          }
 345   1      }
 346          
 347          void main(){
 348   1          SysInit();
 349   1          Timer1Init();
 350   1          UartInit();
 351   1          Timer0_Init();
 352   1          while(1){
 353   2              Key_Proc();
 354   2              Seg_Proc();
 355   2              Led_Proc();
 356   2          }
 357   1      }


MODULE INFORMATION:   STATIC OVERLAYABLE
   CODE SIZE        =   1539    ----
   CONSTANT SIZE    =   ----    ----
   XDATA SIZE       =   ----    ----
   PDATA SIZE       =   ----    ----
C51 COMPILER V9.60.0.0   MAIN                                                              04/08/2026 15:27:45 PAGE 7   

   DATA SIZE        =     25       3
   IDATA SIZE       =     26    ----
   BIT SIZE         =      1    ----
END OF MODULE INFORMATION.


C51 COMPILATION COMPLETE.  0 WARNING(S),  0 ERROR(S)
