C51 COMPILER V9.60.0.0   UART                                                              04/08/2026 15:27:46 PAGE 1   


C51 COMPILER V9.60.0.0, COMPILATION OF MODULE UART
OBJECT MODULE PLACED IN .\Objects\uart.obj
COMPILER INVOKED BY: D:\Keil_v5\C51\BIN\C51.EXE uart.c OPTIMIZE(8,SPEED) BROWSE DEBUG OBJECTEXTEND PRINT(.\Listings\uart
                    -.lst) TABS(2) OBJECT(.\Objects\uart.obj)

line level    source

   1          #include "uart.h"
   2          
   3          void UartInit(void)   //9600bps@12.000MHz
   4          {
   5   1        SCON = 0x50;    //8位数据,可变波特率
   6   1        AUXR |= 0x01;   //串口1选择定时器2为波特率发生器
   7   1        AUXR &= 0xFB;   //定时器2时钟为Fosc/12,即12T
   8   1        T2L = 0xE6;   //设定定时初值
   9   1        T2H = 0xFF;   //设定定时初值
  10   1        AUXR |= 0x10;   //启动定时器2
  11   1          ES=1;
  12   1          EA=1;
  13   1      }
  14          
  15          
  16          extern char putchar(char ch){
  17   1          SBUF=ch;
  18   1          while(TI==0);
  19   1          TI=0;
  20   1          return ch;
  21   1      }


MODULE INFORMATION:   STATIC OVERLAYABLE
   CODE SIZE        =     31    ----
   CONSTANT SIZE    =   ----    ----
   XDATA SIZE       =   ----    ----
   PDATA SIZE       =   ----    ----
   DATA SIZE        =   ----    ----
   IDATA SIZE       =   ----    ----
   BIT SIZE         =   ----    ----
END OF MODULE INFORMATION.


C51 COMPILATION COMPLETE.  0 WARNING(S),  0 ERROR(S)
