C51 COMPILER V9.60.0.0   DS1302                                                            04/01/2026 21:13:36 PAGE 1   


C51 COMPILER V9.60.0.0, COMPILATION OF MODULE DS1302
OBJECT MODULE PLACED IN .\Objects\ds1302.obj
COMPILER INVOKED BY: D:\Keil_v5\C51\BIN\C51.EXE ds1302.c OPTIMIZE(8,SPEED) BROWSE DEBUG OBJECTEXTEND PRINT(.\Listings\ds
                    -1302.lst) TABS(2) OBJECT(.\Objects\ds1302.obj)

line level    source

   1          /*  #   DS1302С╗БуаЂуЅЄТ«хУ»┤Тўј
   2            1.  ТюгТќЄС╗Хтц╣СИГТЈљСЙЏуџёжЕ▒тіеС╗БуаЂСЙЏтЈѓУхЏжђЅТЅІт«їТѕљуеІт║ЈУ«ЙУ«АтЈѓУђЃсђѓ
   3            2.  тЈѓУхЏжђЅТЅІтЈ»С╗ЦУЄфУАїу╝ќтєЎуЏИтЁ│С╗БуаЂТѕќС╗ЦУ»ЦС╗БуаЂСИ║тЪ║уАђ№╝їТа╣ТЇ«ТЅђжђЅтЇЋуЅЄТю║у▒╗тъІсђЂУ┐
             -љУАїжђЪт║дтњїУ»Ћжбў
   4              СИГт»╣тЇЋуЅЄТю║ТЌХжњЪжбЉујЄуџёУдЂТ▒ѓ№╝їУ┐ЏУАїС╗БуаЂУ░ЃУ»ЋтњїС┐«Тћ╣сђѓ
   5          */                
   6          #include "ds1302.h"
   7          #include <intrins.h>
   8          sbit SCK=P1^7;
   9          sbit SDA=P2^3;
  10          sbit RST=P1^3;
  11          
  12          //
  13          void Write_Ds1302(unsigned  char temp) 
  14          {
  15   1        unsigned char i;
  16   1        for (i=0;i<8;i++)       
  17   1        { 
  18   2          SCK = 0;
  19   2          SDA = temp&0x01;
  20   2          temp>>=1; 
  21   2          SCK=1;
  22   2        }
  23   1      }   
  24          
  25          //
  26          void Write_Ds1302_Byte( unsigned char address,unsigned char dat )     
  27          {
  28   1        RST=0;  _nop_();
  29   1        SCK=0;  _nop_();
  30   1        RST=1;  _nop_();  
  31   1        Write_Ds1302(address);  
  32   1        Write_Ds1302(dat);    
  33   1        RST=0; 
  34   1      }
  35          
  36          //
  37          unsigned char Read_Ds1302_Byte ( unsigned char address )
  38          {
  39   1        unsigned char i,temp=0x00;
  40   1        RST=0;  _nop_();
  41   1        SCK=0;  _nop_();
  42   1        RST=1;  _nop_();
  43   1        Write_Ds1302(address);
  44   1        for (i=0;i<8;i++)   
  45   1        {   
  46   2          SCK=0;
  47   2          temp>>=1; 
  48   2          if(SDA)
  49   2          temp|=0x80; 
  50   2          SCK=1;
  51   2        } 
  52   1        RST=0;  _nop_();
  53   1        SCK=0;  _nop_();
C51 COMPILER V9.60.0.0   DS1302                                                            04/01/2026 21:13:36 PAGE 2   

  54   1        SCK=1;  _nop_();
  55   1        SDA=0;  _nop_();
  56   1        SDA=1;  _nop_();
  57   1        return (temp);      
  58   1      }
  59          
  60          void Set_Rtc(unsigned char *ucRtc){
  61   1        unsigned char i;
  62   1        Write_Ds1302_Byte(0x8e,0x00);
  63   1        Write_Ds1302_Byte(0x80,0x80);
  64   1        for(i=0;i<3;i++){
  65   2          Write_Ds1302_Byte(0x84-2*i,ucRtc[i]/10%10<<4|ucRtc[i]%10);
  66   2        }
  67   1        Write_Ds1302_Byte(0x8e,0x80);
  68   1      }
  69          
  70          void Read_Rtc(unsigned char *ucRtc){
  71   1        unsigned char i;
  72   1        unsigned char temp;
  73   1        EA=0;
  74   1        for(i=0;i<3;i++){
  75   2          temp=Read_Ds1302_Byte(0x85-2*i);
  76   2          ucRtc[i]=temp/16*10+temp%16;
  77   2        }
  78   1        EA=1;
  79   1      }


MODULE INFORMATION:   STATIC OVERLAYABLE
   CODE SIZE        =    267    ----
   CONSTANT SIZE    =   ----    ----
   XDATA SIZE       =   ----    ----
   PDATA SIZE       =   ----    ----
   DATA SIZE        =   ----       6
   IDATA SIZE       =   ----    ----
   BIT SIZE         =   ----    ----
END OF MODULE INFORMATION.


C51 COMPILATION COMPLETE.  0 WARNING(S),  0 ERROR(S)
