C51 COMPILER V9.60.0.0   SEG                                                               04/01/2026 21:13:37 PAGE 1   


C51 COMPILER V9.60.0.0, COMPILATION OF MODULE SEG
OBJECT MODULE PLACED IN .\Objects\seg.obj
COMPILER INVOKED BY: D:\Keil_v5\C51\BIN\C51.EXE seg.c OPTIMIZE(8,SPEED) BROWSE DEBUG OBJECTEXTEND PRINT(.\Listings\seg.l
                    -st) TABS(2) OBJECT(.\Objects\seg.obj)

line level    source

   1          #include "seg.h"
   2          #include "ch138.h"
   3          
   4          code unsigned char Seg_dula[] =
   5          {
   6          0xc0, //0
   7          0xf9, //1
   8          0xa4, //2
   9          0xb0, //3
  10          0x99, //4
  11          0x92, //5
  12          0x82, //6
  13          0xf8, //7
  14          0x80, //8
  15          0x90, //9
  16          0x88, //A
  17          0x83, //b
  18          0xc6, //C
  19          0xa1, //d
  20          0x86, //E
  21          0x8e, //F
  22          0xff, //空白
  23          0xc8, //N
  24          0xc7, //L
  25          0x8c //P
  26          };
  27          code unsigned char Seg_Wela[8]={0x01,0x02,0x04,0x08,0x10,0x20,0x40,0x80};
  28          
  29          void Seg_Disp(unsigned char wela,unsigned char dula,bit point){
  30   1          W_CH138(0xe0,0xff);
  31   1          W_CH138(0xc0,Seg_Wela[wela]);
  32   1          if(point) W_CH138(0xe0,Seg_dula[dula]&0x7f);
  33   1          else W_CH138(0xe0,Seg_dula[dula]);
  34   1      }


MODULE INFORMATION:   STATIC OVERLAYABLE
   CODE SIZE        =     43    ----
   CONSTANT SIZE    =     28    ----
   XDATA SIZE       =   ----    ----
   PDATA SIZE       =   ----    ----
   DATA SIZE        =   ----       2
   IDATA SIZE       =   ----    ----
   BIT SIZE         =   ----       1
END OF MODULE INFORMATION.


C51 COMPILATION COMPLETE.  0 WARNING(S),  0 ERROR(S)
