C51 COMPILER V9.60.0.0   MAIN                                                              04/10/2026 10:57:16 PAGE 1   


C51 COMPILER V9.60.0.0, COMPILATION OF MODULE MAIN
OBJECT MODULE PLACED IN .\Objects\main.obj
COMPILER INVOKED BY: D:\Keil_v5\C51\BIN\C51.EXE main.c OPTIMIZE(8,SPEED) BROWSE DEBUG OBJECTEXTEND PRINT(.\Listings\main
                    -.lst) TABS(2) OBJECT(.\Objects\main.obj)

line level    source

   1          #include <STC15F2K60S2.H>
   2          #include "init.h"
   3          #include "key.h"
   4          #include "led.h"
   5          #include "seg.h"
   6          #include "iic.h"
   7          #include "onewire.h"
   8          #include "ds1302.h"
   9          #include "uart.h"
  10          #include "ultrawave.h"
  11          
  12          unsigned char KD,KU,KV,KO;
  13          unsigned char KeySlow;
  14          idata unsigned int SegSlow;
  15          
  16          idata unsigned char Seg_Buf[8]={16,16,16,16,16,16,16,16};
  17          idata unsigned char Seg_Pos;
  18          idata unsigned char ucLed[8]={0,0,0,0,0,0,0,0};
  19          idata unsigned char ucRtc[3]={0,0,0};
  20          
  21          unsigned char Seg_Disp_Mode; //ж•°з Ғз®ЎжҳҫзӨәжЁЎејҸ 0-йў‘зҺҮжҳҫзӨәз•Ңйқў 1-з”өеҺӢжҳҫзӨәз•Ңйқў
  22          unsigned int Freq; //е®һж—¶йў‘зҺҮеҖј
  23          unsigned int Timer_1000ms; //1000msи®Ўж—¶еҷЁ
  24          float Voltage; //е®һж—¶з”өеҺӢеҖј
  25          unsigned char Output_Mode; //DACиҫ“еҮәжЁЎејҸ 0-иҫ“еҮә2.0V 1-иҫ“еҮәRB2з”өеҺӢ 
  26          float Voltage_Output; //иҫ“еҮәз”өеҺӢеҖј
  27          bit Seg_Flag = 1; //0-ж•°з Ғз®ЎеҠҹиғҪе…ій—ӯ 1-ж•°з Ғз®ЎеҠҹиғҪејҖеҗҜ
  28          bit Led_Flag = 1; //0-LEDеҠҹиғҪе…ій—ӯ 1-LEDеҠҹиғҪејҖеҗҜ
  29          
  30          void Key_Proc(){
  31   1          if(KeySlow<10) return;
  32   1          KeySlow=0;
  33   1      
  34   1          KV=Key_Read();
  35   1          KD=KV&(KO^KV);
  36   1          KU=~KV&(KO^KV);
  37   1          KO=KV;
  38   1      
  39   1          /* еңЁиҝҷйҮҢеҶҷжҢүй”®йҖ»иҫ‘ */
  40   1          switch(KD)
  41   1          {
  42   2              case 4:
  43   2                  Seg_Disp_Mode ^= 1; //еҲҮжҚўжҳҫзӨәжЁЎејҸ
  44   2              break;
  45   2              case 5:
  46   2                  Output_Mode ^= 1; //еҲҮжҚўиҫ“еҮәжЁЎејҸ
  47   2              break;
  48   2              case 6:
  49   2                  Led_Flag ^= 1; //еҲҮжҚўLEDжҳҫзӨәејҖе…і
  50   2              break;
  51   2              case 7:
  52   2                  Seg_Flag ^= 1; //еҲҮжҚўж•°з Ғз®ЎжҳҫзӨәејҖе…і
  53   2              break;
  54   2          }
C51 COMPILER V9.60.0.0   MAIN                                                              04/10/2026 10:57:16 PAGE 2   

  55   1      }
  56          
  57          void Seg_Proc(){
  58   1      
  59   1          if(SegSlow<200) return;
  60   1          SegSlow=0;
  61   1      
  62   1          Voltage = Ad_Read(0x43) / 51.0; //з”өеҺӢеҖји®Ўз®—е…¬ејҸпјҢ51.0жҳҜж №жҚ®е®һйҷ…з”өи·Ҝи®ҫи®Ўзҡ„еҲҶеҺӢжҜ”е
             -ҫ—еҮәзҡ„
  63   1          if(Output_Mode == 0) Voltage_Output = 2;
  64   1          else Voltage_Output = Voltage;
  65   1      
  66   1          /* еңЁиҝҷйҮҢеҶҷж•°з Ғз®Ўзј“еҶІеҢәиөӢеҖјйҖ»иҫ‘ */
  67   1          /*
  68   1          Seg_Buf[0]=16;
  69   1          Seg_Buf[1]=16;
  70   1          Seg_Buf[2]=16;
  71   1          Seg_Buf[3]=16;
  72   1          Seg_Buf[4]=16;
  73   1          Seg_Buf[5]=16;
  74   1          Seg_Buf[6]=16;
  75   1          Seg_Buf[7]=16;
  76   1          */
  77   1      
  78   1          if(Seg_Flag == 0)
  79   1          {
  80   2              Seg_Buf[0] = 16;
  81   2              Seg_Buf[1] = 16;
  82   2              Seg_Buf[2] = 16;
  83   2              Seg_Buf[3] = 16;
  84   2              Seg_Buf[4] = 16;
  85   2              Seg_Buf[5] = 16;
  86   2              Seg_Buf[6] = 16;
  87   2              Seg_Buf[7] = 16;
  88   2          }
  89   1          else
  90   1          {
  91   2              switch(Seg_Disp_Mode)
  92   2              {
  93   3                  
  94   3                  case 0: //йў‘зҺҮжҳҫзӨәз•Ңйқў
  95   3                      Seg_Buf[0] = 15; //F
  96   3                      Seg_Buf[1] = 16;
  97   3                      if(Freq >= 100000) Seg_Buf[2] = Freq / 100000 % 10;
  98   3                      else Seg_Buf[2] = 16;
  99   3                      if(Freq >= 10000) Seg_Buf[3] = Freq / 10000 % 10;
 100   3                      else Seg_Buf[3] = 16;
 101   3                      if(Freq >= 1000) Seg_Buf[4] = Freq / 1000 % 10;
 102   3                      else Seg_Buf[4] = 16;
 103   3                      if(Freq >= 100) Seg_Buf[5] = Freq / 100 % 10;
 104   3                      else Seg_Buf[5] = 16;
 105   3                      if(Freq >= 10) Seg_Buf[6] = Freq / 10 % 10;
 106   3                      else Seg_Buf[6] = 16;
 107   3                      Seg_Buf[7] = Freq % 10;
 108   3                      break;
 109   3                  case 1: //з”өеҺӢжҳҫзӨәз•Ңйқў
 110   3                          Seg_Buf[0] = 17; //U
 111   3                          Seg_Buf[1] = 16;
 112   3                          Seg_Buf[2] = 16;
 113   3                          Seg_Buf[3] = 16;
 114   3                          Seg_Buf[4] = 16;
 115   3                          Seg_Buf[5] = (unsigned char)Voltage + ',';
C51 COMPILER V9.60.0.0   MAIN                                                              04/10/2026 10:57:16 PAGE 3   

 116   3                          Seg_Buf[6] = (unsigned int)(Voltage * 100) / 10 % 10;
 117   3                          Seg_Buf[7] = (unsigned int)(Voltage * 100) % 10;
 118   3                      break;
 119   3              }
 120   2          }
 121   1      }
 122              
 123          
 124          void Led_Proc(){
 125   1          /* еңЁиҝҷйҮҢеҶҷ LED / иңӮйёЈеҷЁ / з»§з”өеҷЁйҖ»иҫ‘ */
 126   1          unsigned char i;
 127   1          if(Led_Flag == 0)
 128   1          {
 129   2              ucLed[0] = 0;
 130   2              ucLed[1] = 0;
 131   2              ucLed[2] = 0;
 132   2              ucLed[3] = 0;
 133   2              ucLed[4] = 0;
 134   2              ucLed[5] = 0;
 135   2              ucLed[6] = 0;
 136   2              ucLed[7] = 0;
 137   2          }
 138   1          else
 139   1          {
 140   2              for(i = 0; i < 7; i++)
 141   2              {
 142   3                  ucLed[i] = 0;
 143   3              }
 144   2              if(Seg_Disp_Mode == 0)
 145   2              {
 146   3                  ucLed[0] = 0;
 147   3                  ucLed[1] = 1;
 148   3              }
 149   2              else
 150   2              {
 151   3                  ucLed[0] = 1;
 152   3                  ucLed[1] = 0;
 153   3              }
 154   2      
 155   2              if(Voltage < 1.5)
 156   2              {
 157   3                  ucLed[2] = 0;
 158   3              }
 159   2              else if(Voltage >= 1.5 && Voltage < 2.5)
 160   2              {
 161   3                  ucLed[2] = 1;
 162   3              }
 163   2              else if(Voltage >= 2.5 && Voltage < 3.5)
 164   2              {
 165   3                  ucLed[2] = 0;
 166   3              }
 167   2              else
 168   2              {
 169   3                  ucLed[2] = 1;
 170   3              }
 171   2      
 172   2              if(Freq < 1000)
 173   2              {
 174   3                  ucLed[3] = 0;
 175   3              }
 176   2              else if(Freq >= 1000 && Freq < 5000)
 177   2              {
C51 COMPILER V9.60.0.0   MAIN                                                              04/10/2026 10:57:16 PAGE 4   

 178   3                  ucLed[3] = 1;
 179   3              }
 180   2              else if(Freq >= 5000 && Freq < 10000)
 181   2              {
 182   3                  ucLed[3] = 0;
 183   3              }
 184   2              else
 185   2              {
 186   3                  ucLed[3] = 1;
 187   3              }
 188   2      
 189   2              if(Output_Mode == 0)
 190   2              {
 191   3                  ucLed[4] = 0;
 192   3              }
 193   2              else
 194   2              {
 195   3                  ucLed[4] = 1;
 196   3              }
 197   2          }
 198   1          //DACиҫ“еҮәжҺ§еҲ¶
 199   1          Da_Write(Voltage_Output * 51);
 200   1      }
 201          
 202          void Timer1Init(void)   //1жҜ«з§’@12.000MHz
 203          {
 204   1          AUXR &= 0xBF;
 205   1          TMOD &= 0x0F;
 206   1          TL1 = 0x18;
 207   1          TH1 = 0xFC;
 208   1          TF1 = 0;
 209   1          TR1 = 1;
 210   1          ET1 = 1;
 211   1          EA = 1;
 212   1      }
 213          
 214          void Timer0_Init(void)    //1жҜ«з§’@12.000MHz
 215          {
 216   1        AUXR &= 0x7F;     //е®ҡж—¶еҷЁж—¶й’ҹ12TжЁЎејҸ
 217   1        TMOD &= 0xF0;     //и®ҫзҪ®е®ҡж—¶еҷЁжЁЎејҸ
 218   1          TMOD |= 0x05;     //и®ҫзҪ®е®ҡж—¶еҷЁжЁЎејҸ
 219   1        TL0 = 0xFF;       //и®ҫзҪ®е®ҡж—¶еҲқе§ӢеҖј
 220   1        TH0 = 0xFF;       //и®ҫзҪ®е®ҡж—¶еҲқе§ӢеҖј
 221   1        TF0 = 0;        //жё…йҷӨTF0ж Үеҝ—
 222   1        TR0 = 1;        //е®ҡж—¶еҷЁ0ејҖе§Ӣи®Ўж—¶
 223   1      }
 224          
 225          void Timer1Isr() interrupt 3
 226          {
 227   1          KeySlow++;
 228   1          SegSlow++;
 229   1      
 230   1          if(++Seg_Pos==8) Seg_Pos=0;
 231   1      
 232   1          if(Seg_Buf[Seg_Pos]>20) Seg_Disp(Seg_Pos,Seg_Buf[Seg_Pos]-',',1);
 233   1          else Seg_Disp(Seg_Pos,Seg_Buf[Seg_Pos],0);
 234   1      
 235   1          if(Led_Flag == 1)
 236   1          {
 237   2              Led_Disp(ucLed);
 238   2          }
 239   1          else
C51 COMPILER V9.60.0.0   MAIN                                                              04/10/2026 10:57:16 PAGE 5   

 240   1          {
 241   2              Led_Disp((unsigned char *)"\0\0\0\0\0\0\0\0");
 242   2          }
 243   1      
 244   1          if(++Timer_1000ms == 1000)
 245   1          {
 246   2              Timer_1000ms = 0;
 247   2              Freq = TH0 << 8 | TL0;
 248   2              TH0 = 0;
 249   2              TL0 = 0;
 250   2          }
 251   1      }
 252          
 253          void main(){
 254   1          SysInit();
 255   1          Timer1Init();
 256   1          Timer0_Init();
 257   1      
 258   1          while(1){
 259   2              Key_Proc();
 260   2              Seg_Proc();
 261   2              Led_Proc();
 262   2          }
 263   1      }


MODULE INFORMATION:   STATIC OVERLAYABLE
   CODE SIZE        =   1020    ----
   CONSTANT SIZE    =      9    ----
   XDATA SIZE       =   ----    ----
   PDATA SIZE       =   ----    ----
   DATA SIZE        =     19    ----
   IDATA SIZE       =     22    ----
   BIT SIZE         =      2    ----
END OF MODULE INFORMATION.


C51 COMPILATION COMPLETE.  0 WARNING(S),  0 ERROR(S)
