C51 COMPILER V9.60.0.0   LED                                                               04/08/2026 21:15:57 PAGE 1   


C51 COMPILER V9.60.0.0, COMPILATION OF MODULE LED
OBJECT MODULE PLACED IN .\Objects\led.obj
COMPILER INVOKED BY: D:\Keil_v5\C51\BIN\C51.EXE led.c OPTIMIZE(8,SPEED) BROWSE DEBUG OBJECTEXTEND PRINT(.\Listings\led.l
                    -st) TABS(2) OBJECT(.\Objects\led.obj)

line level    source

   1          #include "led.h"
   2          #include "ch138.h"
   3          
   4          unsigned char t0=0x00;
   5          unsigned char t00=0xff;
   6          
   7          void Led_Disp(unsigned char *ucLed){
   8   1          t0=(ucLed[0]<<0)|(ucLed[1]<<1)|(ucLed[2]<<2)|(ucLed[3]<<3)|(ucLed[4]<<4)|(ucLed[5]<<5)|(ucLed[6]<<6)|(
             -ucLed[7]<<7);
   9   1          if(t0!=t00){
  10   2              W_CH138(0x80,~t0);
  11   2              t00=t0;
  12   2          }
  13   1      }
  14          
  15          void Led_Off(){
  16   1          W_CH138(0x80,0xff);
  17   1          t00=0x00;
  18   1      }
  19          
  20          unsigned char t1=0x00;
  21          unsigned char t11=0xff;
  22          
  23          void Beep(bit enable){
  24   1          if(enable) t1|=0x40;
  25   1          else t1&=~0x40;
  26   1          if(t1!=t11){
  27   2              W_CH138(0xa0,t1);
  28   2              t11=t1;
  29   2          }
  30   1      }
  31          
  32          void Relay(bit enable){
  33   1          if(enable) t1|=0x10;
  34   1          else t1&=~0x10;
  35   1          if(t1!=t11){
  36   2              W_CH138(0xa0,t1);
  37   2              t11=t1;
  38   2          }
  39   1      }
  40          
  41          void Motor(bit enable){
  42   1          if(enable) t1|=0x20;
  43   1          else t1&=~0x20;
  44   1          if(t1!=t11){
  45   2              W_CH138(0xa0,t1);
  46   2              t11=t1;
  47   2          }
  48   1      }


MODULE INFORMATION:   STATIC OVERLAYABLE
   CODE SIZE        =    203    ----
   CONSTANT SIZE    =   ----    ----
C51 COMPILER V9.60.0.0   LED                                                               04/08/2026 21:15:57 PAGE 2   

   XDATA SIZE       =   ----    ----
   PDATA SIZE       =   ----    ----
   DATA SIZE        =      4    ----
   IDATA SIZE       =   ----    ----
   BIT SIZE         =   ----       3
END OF MODULE INFORMATION.


C51 COMPILATION COMPLETE.  0 WARNING(S),  0 ERROR(S)
