C51 COMPILER V9.60.0.0   KEY                                                               03/29/2026 17:15:14 PAGE 1   


C51 COMPILER V9.60.0.0, COMPILATION OF MODULE KEY
OBJECT MODULE PLACED IN .\Objects\key.obj
COMPILER INVOKED BY: D:\Keil_v5\C51\BIN\C51.EXE key.c OPTIMIZE(8,SPEED) BROWSE DEBUG OBJECTEXTEND PRINT(.\Listings\key.l
                    -st) TABS(2) OBJECT(.\Objects\key.obj)

line level    source

   1          #include "key.h"
   2          
   3          unsigned char Key_Read(){
   4   1          unsigned char temp=0;
   5   1          AUXR&=~0x10;
   6   1      
   7   1          P44=0;P42=1;P35=1;
   8   1          if(P33==0) temp=4;
   9   1          if(P32==0) temp=5;
  10   1          if(P31==0) temp=6;
  11   1          if(P30==0) temp=7;
  12   1          P44=1;P42=0;P35=1;
  13   1          if(P33==0) temp=8;
  14   1          if(P32==0) temp=9;
  15   1          if(P31==0) temp=10;
  16   1          if(P30==0) temp=11;
  17   1          P44=1;P42=1;P35=0;
  18   1          if(P33==0) temp=12;
  19   1          if(P32==0) temp=13;
  20   1          if(P31==0) temp=14;
  21   1          if(P30==0) temp=15;
  22   1          
  23   1          P3=0xff;
  24   1          AUXR|=0x10;
  25   1          return temp;
  26   1      }


MODULE INFORMATION:   STATIC OVERLAYABLE
   CODE SIZE        =     90    ----
   CONSTANT SIZE    =   ----    ----
   XDATA SIZE       =   ----    ----
   PDATA SIZE       =   ----    ----
   DATA SIZE        =   ----    ----
   IDATA SIZE       =   ----    ----
   BIT SIZE         =   ----    ----
END OF MODULE INFORMATION.


C51 COMPILATION COMPLETE.  0 WARNING(S),  0 ERROR(S)
