C51 COMPILER V9.60.0.0   ULTRAWAVE                                                         03/29/2026 17:15:15 PAGE 1   


C51 COMPILER V9.60.0.0, COMPILATION OF MODULE ULTRAWAVE
OBJECT MODULE PLACED IN .\Objects\ultrawave.obj
COMPILER INVOKED BY: D:\Keil_v5\C51\BIN\C51.EXE ultrawave.c OPTIMIZE(8,SPEED) BROWSE DEBUG OBJECTEXTEND PRINT(.\Listings
                    -\ultrawave.lst) TABS(2) OBJECT(.\Objects\ultrawave.obj)

line level    source

   1          #include "ultrawave.h"
   2          #include "intrins.h"
   3          sbit Tx=P1^0;
   4          sbit Rx=P1^1;
   5          
   6          void Delay12us()    //@12.000MHz
   7          {
   8   1        unsigned char i;
   9   1      
  10   1        _nop_();
  11   1        _nop_();
  12   1        i = 33;
  13   1        while (--i);
  14   1      }
  15          
  16          void Ut_Init(){
  17   1          unsigned char i;
  18   1          EA=0;
  19   1          for(i=0;i<8;i++){
  20   2              Tx=1;
  21   2              Delay12us();
  22   2              Tx=0;
  23   2              Delay12us();
  24   2          }
  25   1          EA=1;
  26   1      }
  27          
  28          unsigned char Ut_Data(){
  29   1          unsigned int time;
  30   1          CMOD=0x00;CH=0;CL=0;
  31   1          Ut_Init();
  32   1          CR=1;
  33   1          while((Rx==1)&&(CF==0));
  34   1          CR=0;
  35   1          if(CF==0){
  36   2              time=CH<<8|CL;
  37   2              return (time*0.017);
  38   2          }
  39   1          else {
  40   2              CF=0;
  41   2              return 0;
  42   2          }
  43   1      }


MODULE INFORMATION:   STATIC OVERLAYABLE
   CODE SIZE        =     93    ----
   CONSTANT SIZE    =   ----    ----
   XDATA SIZE       =   ----    ----
   PDATA SIZE       =   ----    ----
   DATA SIZE        =   ----    ----
   IDATA SIZE       =   ----    ----
   BIT SIZE         =   ----    ----
END OF MODULE INFORMATION.

C51 COMPILER V9.60.0.0   ULTRAWAVE                                                         03/29/2026 17:15:15 PAGE 2   


C51 COMPILATION COMPLETE.  0 WARNING(S),  0 ERROR(S)
