C51 COMPILER V9.60.0.0   IIC                                                               03/25/2026 20:49:42 PAGE 1   


C51 COMPILER V9.60.0.0, COMPILATION OF MODULE IIC
OBJECT MODULE PLACED IN .\Objects\iic.obj
COMPILER INVOKED BY: D:\Keil_v5\C51\BIN\C51.EXE D:\7T Plan\Plan\1_ีๆฬโ\0_3_V4T_Me_มทฯฐฐๆ_ฝ๖ิดย๋\iic.c OPTIMIZE(8,SPEED) 
                    -BROWSE DEBUG OBJECTEXTEND PRINT(.\Listings\iic.lst) TABS(2) OBJECT(.\Objects\iic.obj)

line level    source

   1          /*  #   I2Cไปฃ็ ็ๆฎต่ฏดๆ
   2            1.  ๆฌๆไปถๅคนไธญๆไพ็้ฉฑๅจไปฃ็ ไพๅ่ต้ๆๅฎๆ็จๅบ่ฎพ่ฎกๅ่ใ
   3            2.  ๅ่ต้ๆๅฏไปฅ่ช่ก็ผๅ็ธๅณไปฃ็ ๆไปฅ่ฏฅไปฃ็ ไธบๅบ็ก๏ผๆ นๆฎๆ้ๅ็ๆบ็ฑปๅใ่ฟ
             -่ก้ๅบฆๅ่ฏ้ข
   4              ไธญๅฏนๅ็ๆบๆถ้้ข็็่ฆๆฑ๏ผ่ฟ่กไปฃ็ ่ฐ่ฏๅไฟฎๆนใ
   5          */
   6          #include "iic.h"
   7          #include "intrins.h"
   8          sbit sda=P2^1;
   9          sbit scl=P2^0;
  10          
  11          #define DELAY_TIME  10
  12          
  13          //
  14          static void I2C_Delay(unsigned char n)
  15          {
  16   1          do
  17   1          {
  18   2              _nop_();_nop_();_nop_();_nop_();_nop_();
  19   2              _nop_();_nop_();_nop_();_nop_();_nop_();
  20   2              _nop_();_nop_();_nop_();_nop_();_nop_();    
  21   2          }
  22   1          while(n--);       
  23   1      }
  24          
  25          //
  26          void I2CStart(void)
  27          {
  28   1          sda = 1;
  29   1          scl = 1;
  30   1        I2C_Delay(DELAY_TIME);
  31   1          sda = 0;
  32   1        I2C_Delay(DELAY_TIME);
  33   1          scl = 0;    
  34   1      }
  35          
  36          //
  37          void I2CStop(void)
  38          {
  39   1          sda = 0;
  40   1          scl = 1;
  41   1        I2C_Delay(DELAY_TIME);
  42   1          sda = 1;
  43   1        I2C_Delay(DELAY_TIME);
  44   1      }
  45          
  46          //
  47          void I2CSendByte(unsigned char byt)
  48          {
  49   1          unsigned char i;
  50   1        
  51   1          for(i=0; i<8; i++){
  52   2              scl = 0;
  53   2          I2C_Delay(DELAY_TIME);
C51 COMPILER V9.60.0.0   IIC                                                               03/25/2026 20:49:42 PAGE 2   

  54   2              if(byt & 0x80){
  55   3                  sda = 1;
  56   3              }
  57   2              else{
  58   3                  sda = 0;
  59   3              }
  60   2          I2C_Delay(DELAY_TIME);
  61   2              scl = 1;
  62   2              byt <<= 1;
  63   2          I2C_Delay(DELAY_TIME);
  64   2          }
  65   1        
  66   1          scl = 0;  
  67   1      }
  68          
  69          //
  70          unsigned char I2CReceiveByte(void)
  71          {
  72   1        unsigned char da;
  73   1        unsigned char i;
  74   1        for(i=0;i<8;i++){   
  75   2          scl = 1;
  76   2          I2C_Delay(DELAY_TIME);
  77   2          da <<= 1;
  78   2          if(sda) 
  79   2            da |= 0x01;
  80   2          scl = 0;
  81   2          I2C_Delay(DELAY_TIME);
  82   2        }
  83   1        return da;    
  84   1      }
  85          
  86          //
  87          unsigned char I2CWaitAck(void)
  88          {
  89   1        unsigned char ackbit;
  90   1        
  91   1          scl = 1;
  92   1        I2C_Delay(DELAY_TIME);
  93   1          ackbit = sda; 
  94   1          scl = 0;
  95   1        I2C_Delay(DELAY_TIME);
  96   1        
  97   1        return ackbit;
  98   1      }
  99          
 100          //
 101          void I2CSendAck(unsigned char ackbit)
 102          {
 103   1          scl = 0;
 104   1          sda = ackbit; 
 105   1        I2C_Delay(DELAY_TIME);
 106   1          scl = 1;
 107   1        I2C_Delay(DELAY_TIME);
 108   1          scl = 0; 
 109   1        sda = 1;
 110   1        I2C_Delay(DELAY_TIME);
 111   1      }
 112          
 113          unsigned char Ad_Read(unsigned char addr){
 114   1          unsigned char temp;
 115   1          I2CStart();
C51 COMPILER V9.60.0.0   IIC                                                               03/25/2026 20:49:42 PAGE 3   

 116   1          I2CSendByte(0x90);
 117   1          I2CWaitAck();
 118   1          I2CSendByte(addr);
 119   1          I2CWaitAck();
 120   1      
 121   1          I2CStart();
 122   1          I2CSendByte(0x91);
 123   1          I2CWaitAck();
 124   1          temp=I2CReceiveByte();
 125   1          I2CSendAck(1);
 126   1          I2CStop();
 127   1          return temp;
 128   1      }
 129          
 130          void Da_Write(unsigned char dat){
 131   1          I2CStart();
 132   1          I2CSendByte(0x90);
 133   1          I2CWaitAck();
 134   1          I2CSendByte(0x41);
 135   1          I2CWaitAck();
 136   1          I2CSendByte(dat);
 137   1          I2CWaitAck();
 138   1          I2CStop();
 139   1      }
 140          
 141          void EEPROM_Read(unsigned char *str,unsigned char addr,unsigned char num){
 142   1          I2CStart();
 143   1          I2CSendByte(0xa0);
 144   1          I2CWaitAck();
 145   1          I2CSendByte(addr);
 146   1          I2CWaitAck();
 147   1      
 148   1          I2CStart();
 149   1          I2CSendByte(0xa1);
 150   1          I2CWaitAck();
 151   1          while(num--){
 152   2              *str++=I2CReceiveByte();
 153   2              if(num) I2CSendAck(1);
 154   2              else I2CSendAck(0);
 155   2          }
 156   1          I2CStop();
 157   1      }
 158          
 159          void EEPROM_Write(unsigned char *str,unsigned char addr,unsigned char num){
 160   1          I2CStart();
 161   1          I2CSendByte(0xa0);
 162   1          I2CWaitAck();
 163   1          I2CSendByte(addr);
 164   1          I2CWaitAck();
 165   1          while(num--){
 166   2              I2CSendByte(*str++);
 167   2              I2CWaitAck();
 168   2              I2C_Delay(200);
 169   2          }
 170   1          I2CStop();
 171   1          I2C_Delay(255);I2C_Delay(255);I2C_Delay(255);I2C_Delay(255);
 172   1      }


MODULE INFORMATION:   STATIC OVERLAYABLE
   CODE SIZE        =    398    ----
   CONSTANT SIZE    =   ----    ----
C51 COMPILER V9.60.0.0   IIC                                                               03/25/2026 20:49:42 PAGE 4   

   XDATA SIZE       =   ----    ----
   PDATA SIZE       =   ----    ----
   DATA SIZE        =   ----      10
   IDATA SIZE       =   ----    ----
   BIT SIZE         =   ----    ----
END OF MODULE INFORMATION.


C51 COMPILATION COMPLETE.  0 WARNING(S),  0 ERROR(S)
