C51 COMPILER V9.60.0.0   INIT                                                              03/25/2026 20:49:43 PAGE 1   


C51 COMPILER V9.60.0.0, COMPILATION OF MODULE INIT
OBJECT MODULE PLACED IN .\Objects\init.obj
COMPILER INVOKED BY: D:\Keil_v5\C51\BIN\C51.EXE D:\7T Plan\Plan\1_廬痙\0_3_V4T_Me_족構경_쏭都쯤\init.c OPTIMIZE(8,SPEED)
                    - BROWSE DEBUG OBJECTEXTEND PRINT(.\Listings\init.lst) TABS(2) OBJECT(.\Objects\init.obj)

line level    source

   1          #include "init.h"
   2          #include "ch138.h"
   3          
   4          void SysInit(){
   5   1          W_CH138(0x80,0xff);
   6   1          W_CH138(0xa0,0x00);
   7   1      }


MODULE INFORMATION:   STATIC OVERLAYABLE
   CODE SIZE        =     14    ----
   CONSTANT SIZE    =   ----    ----
   XDATA SIZE       =   ----    ----
   PDATA SIZE       =   ----    ----
   DATA SIZE        =   ----    ----
   IDATA SIZE       =   ----    ----
   BIT SIZE         =   ----    ----
END OF MODULE INFORMATION.


C51 COMPILATION COMPLETE.  0 WARNING(S),  0 ERROR(S)
